D:\STARCRAFTCOMPETITION\LETAMICRO\SRC\LETABOT\VISUALSTUDIO\DEBUG\COMMON.OBJ
D:\STARCRAFTCOMPETITION\LETAMICRO\SRC\LETABOT\VISUALSTUDIO\DEBUG\DLL.OBJ
D:\STARCRAFTCOMPETITION\LETAMICRO\SRC\LETABOT\VISUALSTUDIO\DEBUG\LETABOTMODULE.OBJ
D:\STARCRAFTCOMPETITION\LETAMICRO\SRC\LETABOT\VISUALSTUDIO\DEBUG\MARINEMANAGER.OBJ
D:\STARCRAFTCOMPETITION\LETAMICRO\SRC\LETABOT\VISUALSTUDIO\DEBUG\WRAITHMICRO.OBJ
D:\STARCRAFTCOMPETITION\LETAMICRO\SRC\LETABOT\VISUALSTUDIO\DEBUG\VC90.PDB
D:\StarcraftCompetition\LetaMicro\src\LetaBot\VisualStudio\Debug\LetaMicro.lib
D:\StarcraftCompetition\LetaMicro\src\LetaBot\VisualStudio\Debug\LetaMicro.exp
D:\STARCRAFTCOMPETITION\LETAMICRO\SRC\LETABOT\VISUALSTUDIO\DEBUG\LETAMICRO.ILK
D:\STARCRAFTCOMPETITION\LETAMICRO\SRC\LETABOT\VISUALSTUDIO\DEBUG\LETAMICRO.DLL
D:\STARCRAFTCOMPETITION\LETAMICRO\SRC\LETABOT\VISUALSTUDIO\DEBUG\LETAMICRO.DLL.INTERMEDIATE.MANIFEST
D:\STARCRAFTCOMPETITION\LETAMICRO\SRC\LETABOT\VISUALSTUDIO\DEBUG\LETAMICRO.PDB
D:\STARCRAFTCOMPETITION\LETAMICRO\SRC\LETABOT\VISUALSTUDIO\DEBUG\LETAMICRO.DLL.EMBED.MANIFEST
D:\STARCRAFTCOMPETITION\LETAMICRO\SRC\LETABOT\VISUALSTUDIO\DEBUG\LETAMICRO.DLL.EMBED.MANIFEST.RES
D:\StarcraftCompetition\LetaMicro\src\LetaBot\VisualStudio\Debug\Common.obj
D:\StarcraftCompetition\LetaMicro\src\LetaBot\VisualStudio\Debug\Dll.obj
D:\StarcraftCompetition\LetaMicro\src\LetaBot\VisualStudio\Debug\LetaBotModule.obj
D:\StarcraftCompetition\LetaMicro\src\LetaBot\VisualStudio\Debug\MarineManager.obj
D:\StarcraftCompetition\LetaMicro\src\LetaBot\VisualStudio\Debug\WraithMicro.obj
D:\StarcraftCompetition\LetaMicro\src\LetaBot\VisualStudio\Debug\LetaMicro.ilk
D:\StarcraftCompetition\LetaMicro\src\LetaBot\VisualStudio\Debug\cl.command.1.tlog
D:\StarcraftCompetition\LetaMicro\src\LetaBot\VisualStudio\Debug\CL.read.1.tlog
D:\StarcraftCompetition\LetaMicro\src\LetaBot\VisualStudio\Debug\CL.write.1.tlog
D:\StarcraftCompetition\LetaMicro\src\LetaBot\VisualStudio\Debug\LetaMicro.write.1.tlog
D:\StarcraftCompetition\LetaMicro\src\LetaBot\VisualStudio\Debug\link-cvtres.read.1.tlog
D:\StarcraftCompetition\LetaMicro\src\LetaBot\VisualStudio\Debug\link-cvtres.write.1.tlog
D:\StarcraftCompetition\LetaMicro\src\LetaBot\VisualStudio\Debug\link.4916-cvtres.read.1.tlog
D:\StarcraftCompetition\LetaMicro\src\LetaBot\VisualStudio\Debug\link.4916-cvtres.write.1.tlog
D:\StarcraftCompetition\LetaMicro\src\LetaBot\VisualStudio\Debug\link.4916.read.1.tlog
D:\StarcraftCompetition\LetaMicro\src\LetaBot\VisualStudio\Debug\link.4916.write.1.tlog
D:\StarcraftCompetition\LetaMicro\src\LetaBot\VisualStudio\Debug\link.command.1.tlog
D:\StarcraftCompetition\LetaMicro\src\LetaBot\VisualStudio\Debug\link.read.1.tlog
D:\StarcraftCompetition\LetaMicro\src\LetaBot\VisualStudio\Debug\link.write.1.tlog
D:\StarcraftCompetition\LetaMicro\src\LetaBot\VisualStudio\Debug\mt.command.1.tlog
D:\StarcraftCompetition\LetaMicro\src\LetaBot\VisualStudio\Debug\mt.read.1.tlog
D:\StarcraftCompetition\LetaMicro\src\LetaBot\VisualStudio\Debug\mt.write.1.tlog
D:\StarcraftCompetition\LetaMicro\src\LetaBot\VisualStudio\Debug\rc.command.1.tlog
D:\StarcraftCompetition\LetaMicro\src\LetaBot\VisualStudio\Debug\rc.read.1.tlog
D:\StarcraftCompetition\LetaMicro\src\LetaBot\VisualStudio\Debug\rc.write.1.tlog
D:\StarcraftCompetition\LetaMicro\src\LetaBot\VisualStudio\Debug\LetaMicro.dll.embed.manifest
D:\StarcraftCompetition\LetaMicro\src\LetaBot\VisualStudio\Debug\LetaMicro.dll.intermediate.manifest
D:\StarcraftCompetition\LetaMicro\src\LetaBot\VisualStudio\Debug\LetaMicro.dll.embed.manifest.res
D:\StarcraftCompetition\LetaMicro\src\LetaBot\VisualStudio\Debug\vc90.idb
D:\StarcraftCompetition\LetaMicro\src\LetaBot\VisualStudio\Debug\LetaMicro.pdb
D:\StarcraftCompetition\LetaMicro\src\LetaBot\VisualStudio\Debug\vc90.pdb
D:\StarcraftCompetition\LetaMicro\src\LetaBot\VisualStudio\Debug\LetaMicro_manifest.rc
D:\StarcraftCompetition\LetaMicro\src\LetaBot\VisualStudio\Debug\LetaMicro.dll
